<?xml version="1.0" encoding="UTF-8"?>
<!-- Generated by org.testng.reporters.JUnitReportReporter -->
<testsuite hostname="IB-Pune-LAP-200" failures="0" tests="2" name="library.CRUDBookApi" time="5.134" errors="0" timestamp="2022-07-25T15:59:08 IST" skipped="0">
  <testcase classname="library.CRUDBookApi" name="AddBookApi" time="4.214"/>
  <system-out/>
  <testcase classname="library.CRUDBookApi" name="DeleteBookApi" time="0.920"/>
  <system-out/>
</testsuite> <!-- library.CRUDBookApi -->
