<?xml version="1.0" encoding="UTF-8"?>
<!-- Generated by org.testng.reporters.JUnitReportReporter -->
<testsuite hostname="IB-Pune-LAP-200" failures="0" tests="12" name="RestAssured.ExcelDriven.AccessExcelData" time="0.019" errors="0" timestamp="2022-07-26T15:28:42 IST" skipped="0">
  <testcase classname="RestAssured.ExcelDriven.AccessExcelData" name="getdata" time="0.001"/>
  <system-out/>
  <testcase classname="RestAssured.ExcelDriven.AccessExcelData" name="getdata" time="0.001"/>
  <system-out/>
  <testcase classname="RestAssured.ExcelDriven.AccessExcelData" name="getdata" time="0.001"/>
  <system-out/>
  <testcase classname="RestAssured.ExcelDriven.AccessExcelData" name="getdata" time="0.001"/>
  <system-out/>
  <testcase classname="RestAssured.ExcelDriven.AccessExcelData" name="getdata" time="0.001"/>
  <system-out/>
  <testcase classname="RestAssured.ExcelDriven.AccessExcelData" name="getdata" time="0.001"/>
  <system-out/>
  <testcase classname="RestAssured.ExcelDriven.AccessExcelData" name="getdata" time="0.001"/>
  <system-out/>
  <testcase classname="RestAssured.ExcelDriven.AccessExcelData" name="getdata" time="0.001"/>
  <system-out/>
  <testcase classname="RestAssured.ExcelDriven.AccessExcelData" name="getdata" time="0.001"/>
  <system-out/>
  <testcase classname="RestAssured.ExcelDriven.AccessExcelData" name="getdata" time="0.001"/>
  <system-out/>
  <testcase classname="RestAssured.ExcelDriven.AccessExcelData" name="getdata" time="0.008"/>
  <system-out/>
  <testcase classname="RestAssured.ExcelDriven.AccessExcelData" name="getdata" time="0.001"/>
  <system-out/>
</testsuite> <!-- RestAssured.ExcelDriven.AccessExcelData -->
